2025-03-07 11:18:58,301 - ai_interview_trainer - INFO - Starting AI Interview Mastery Trainer...
2025-03-07 11:18:58,318 - ai_interview_trainer - INFO - Creating session_data/exports directory...
2025-03-07 11:18:58,319 - ai_interview_trainer - INFO - Creating session_data/backups directory...
2025-03-07 11:18:58,324 - ai_interview_trainer - INFO - Database session_data/sessions.db is valid and ready to use.
2025-03-07 11:18:58,325 - ai_interview_trainer - INFO - Launching Streamlit application...
2025-03-07 11:19:03,756 - ai_interview_trainer - INFO - Streamlit: 
2025-03-07 11:19:03,786 - ai_interview_trainer - INFO - Streamlit: You can now view your Streamlit app in your browser.
2025-03-07 11:19:03,788 - ai_interview_trainer - INFO - Streamlit: 
2025-03-07 11:19:03,788 - ai_interview_trainer - INFO - Streamlit: Local URL: http://localhost:8502
2025-03-07 11:19:03,828 - ai_interview_trainer - INFO - Opening browser at http://localhost:8502
2025-03-07 11:19:10,762 - ai_interview_trainer - ERROR - Streamlit error: 2025-03-07 11:19:10,761 - ai_interview_trainer.session_manager - INFO - Database initialized successfully
2025-03-07 11:19:10,891 - ai_interview_trainer - ERROR - Streamlit error: 2025-03-07 11:19:10,763 - ai_interview_trainer.session_manager - INFO - Retrieved 0 sessions for user default_user
2025-03-07 11:19:11,775 - ai_interview_trainer - ERROR - Streamlit error: 2025-03-07 11:19:11,774 - ai_interview_trainer.session_manager - INFO - Retrieved 0 sessions for user default_user
2025-03-07 11:19:22,132 - ai_interview_trainer - ERROR - Streamlit error: 2025-03-07 11:19:22,131 - ai_interview_trainer.session_manager - INFO - Retrieved 0 sessions for user default_user
2025-03-07 11:19:23,367 - ai_interview_trainer - ERROR - Streamlit error: 2025-03-07 11:19:23,366 - ai_interview_trainer.session_manager - INFO - Retrieved 0 sessions for user default_user
2025-03-07 11:19:55,111 - ai_interview_trainer - ERROR - Streamlit error: 2025-03-07 11:19:55,111 - ai_interview_trainer.session_manager - INFO - Retrieved 0 sessions for user default_user
2025-03-07 11:19:57,587 - ai_interview_trainer - ERROR - Streamlit error: 2025-03-07 11:19:57,587 - ai_interview_trainer.session_manager - ERROR - Error saving session: Error binding parameter 3: type 'list' is not supported
2025-03-07 11:19:57,695 - ai_interview_trainer - ERROR - Streamlit error: 2025-03-07 11:19:57,593 - ai_interview_trainer.utils - INFO - Evaluated coding solution with correctness=0, efficiency=0, style=80
2025-03-07 11:20:07,450 - ai_interview_trainer - ERROR - Streamlit error: 2025-03-07 11:20:07,450 - ai_interview_trainer.utils - INFO - Evaluated coding solution with correctness=0, efficiency=0, style=80
2025-03-07 13:17:40,925 - ai_interview_trainer - INFO - Shutting down the application...
