2025-03-07 12:08:34,461 - ai_interview_trainer - INFO - Starting AI Interview Mastery Trainer...
2025-03-07 12:08:34,467 - ai_interview_trainer - INFO - Database session_data/sessions.db is valid and ready to use.
2025-03-07 12:08:34,467 - ai_interview_trainer - INFO - Launching Streamlit application...
2025-03-07 12:08:36,127 - ai_interview_trainer - INFO - Streamlit: 
2025-03-07 12:08:36,128 - ai_interview_trainer - INFO - Streamlit: You can now view your Streamlit app in your browser.
2025-03-07 12:08:36,128 - ai_interview_trainer - INFO - Streamlit: 
2025-03-07 12:08:36,128 - ai_interview_trainer - INFO - Streamlit: Local URL: http://localhost:8508
2025-03-07 12:08:36,129 - ai_interview_trainer - INFO - Opening browser at http://localhost:8508
2025-03-07 12:08:41,936 - ai_interview_trainer - ERROR - Streamlit error: 2025-03-07 12:08:41,936 - ai_interview_trainer.session_manager - INFO - Database initialized successfully
2025-03-07 12:08:42,046 - ai_interview_trainer - ERROR - Streamlit error: 2025-03-07 12:08:41,941 - ai_interview_trainer.session_manager - INFO - Retrieved 0 sessions for user default_user
2025-03-07 12:08:42,947 - ai_interview_trainer - ERROR - Streamlit error: 2025-03-07 12:08:42,947 - ai_interview_trainer.session_manager - INFO - Retrieved 0 sessions for user default_user
2025-03-07 12:09:56,871 - ai_interview_trainer - ERROR - Streamlit error: 2025-03-07 12:09:56,871 - ai_interview_trainer.session_manager - INFO - Retrieved 0 sessions for user default_user
2025-03-07 12:11:55,299 - ai_interview_trainer - ERROR - Streamlit error: 2025-03-07 12:11:55,298 - ai_interview_trainer.session_manager - INFO - Database initialized successfully
2025-03-07 12:11:55,414 - ai_interview_trainer - ERROR - Streamlit error: 2025-03-07 12:11:55,302 - ai_interview_trainer.session_manager - INFO - Retrieved 0 sessions for user default_user
2025-03-07 12:19:52,040 - ai_interview_trainer - ERROR - Streamlit error: 2025-03-07 12:19:52,039 - ai_interview_trainer.session_manager - INFO - Database initialized successfully
2025-03-07 12:19:52,152 - ai_interview_trainer - ERROR - Streamlit error: 2025-03-07 12:19:52,046 - ai_interview_trainer.session_manager - INFO - Retrieved 0 sessions for user default_user
2025-03-07 12:35:25,271 - ai_interview_trainer - ERROR - Streamlit error: 2025-03-07 12:35:25,271 - ai_interview_trainer.session_manager - INFO - Retrieved 0 sessions for user default_user
2025-03-07 12:35:55,727 - ai_interview_trainer - ERROR - Streamlit error: 2025-03-07 12:35:55,726 - ai_interview_trainer.session_manager - ERROR - Error saving session: Error binding parameter 3: type 'list' is not supported
2025-03-07 12:35:55,835 - ai_interview_trainer - ERROR - Streamlit error: 2025-03-07 12:35:55,739 - ai_interview_trainer.utils - INFO - Evaluated coding solution with correctness=0, efficiency=0, style=80
2025-03-07 12:36:04,790 - ai_interview_trainer - ERROR - Streamlit error: 2025-03-07 12:36:04,790 - ai_interview_trainer.utils - INFO - Evaluated coding solution with correctness=0, efficiency=0, style=80
2025-03-07 13:17:38,465 - ai_interview_trainer - INFO - Shutting down the application...
